🎯 5000次优化版实验 - Tue Jul 15 05:14:45 AM CDT 2025
🖥️  节点: bcm-dgxa100-0003
💾 内存: 16G
🎲 固定种子池 + Embedding分离
📊 内存快照：
               total        used        free      shared  buff/cache   available
Mem:           2.0Ti        29Gi       1.4Ti       174Gi       549Gi       1.8Ti
Swap:             0B          0B          0B
🚀 开始优化版实验...
🎯 优化版大规模多指标发现实验
======================================================================
📊 实验次数: 5000
🎲 种子池: 预生成不重复种子
💾 批次大小: 100
📁 Embedding分离存储
🎲 生成5000个不重复种子 (主种子: 42)
🔍 种子范围: 79 - 999560
📁 实验目录: results/experiment_20250715_051448
🚀 开始实验...
🧪 实验 1/5000 | 种子987231 | ARI=0.4142 | NMI=0.4104
🧪 实验 2/5000 | 种子79955 | ARI=0.4345 | NMI=0.4679
🧪 实验 3/5000 | 种子567131 | ARI=0.5076 | NMI=0.5633
🧪 实验 4/5000 | 种子500892 | ARI=0.3852 | NMI=0.5372
🧪 实验 5/5000 | 种子55400 | ARI=0.5923 | NMI=0.4976
🧪 实验 6/5000 | 种子135050 | ARI=0.4255 | NMI=0.4692
🧪 实验 7/5000 | 种子693950 | ARI=0.6146 | NMI=0.5461
🧪 实验 8/5000 | 种子732057 | ARI=0.5953 | NMI=0.5112
🧪 实验 9/5000 | 种子51334 | ARI=0.5168 | NMI=0.5025
🧪 实验 10/5000 | 种子995353 | ARI=0.6144 | NMI=0.5295
🧪 实验 11/5000 | 种子399759 | ARI=0.5661 | NMI=0.5549
🧪 实验 12/5000 | 种子401398 | ARI=0.4605 | NMI=0.4695
🧪 实验 13/5000 | 种子855485 | ARI=0.3623 | NMI=0.4397
🧪 实验 14/5000 | 种子760443 | ARI=0.6828 | NMI=0.5799
🧪 实验 15/5000 | 种子503248 | ARI=0.3785 | NMI=0.5193
🧪 实验 16/5000 | 种子864741 | ARI=0.6868 | NMI=0.5569
🧪 实验 17/5000 | 种子35033 | ARI=0.5228 | NMI=0.5585
🧪 实验 18/5000 | 种子985859 | ARI=0.5747 | NMI=0.5502
🧪 实验 19/5000 | 种子376762 | ARI=0.5840 | NMI=0.5554
🧪 实验 20/5000 | 种子811353 | ARI=0.5364 | NMI=0.4955
🧪 实验 30/5000 | 种子518813 | ARI=0.5863 | NMI=0.5335
🧪 实验 40/5000 | 种子876375 | ARI=0.6886 | NMI=0.6129
🧪 实验 50/5000 | 种子836275 | ARI=0.6816 | NMI=0.5658
🧪 实验 60/5000 | 种子348366 | ARI=0.5100 | NMI=0.4833
🧪 实验 70/5000 | 种子655318 | ARI=0.5870 | NMI=0.5093
🧪 实验 80/5000 | 种子895958 | ARI=0.6866 | NMI=0.5910
🧪 实验 90/5000 | 种子366138 | ARI=0.5552 | NMI=0.5196
🧪 实验 100/5000 | 种子362132 | ARI=0.5679 | NMI=0.5532
💾 批次 1 已保存: 100 个结果
📊 进度 100/5000 | 最佳: 种子272967, ARI=0.7209
⏱️  用时: 12.6分钟 | 预计剩余: 617.8分钟
🧪 实验 110/5000 | 种子561881 | ARI=0.3052 | NMI=0.4564
🧪 实验 120/5000 | 种子678875 | ARI=0.5803 | NMI=0.5255
🧪 实验 130/5000 | 种子400808 | ARI=0.5208 | NMI=0.5152
🧪 实验 140/5000 | 种子687099 | ARI=0.5766 | NMI=0.5076
🧪 实验 150/5000 | 种子658385 | ARI=0.5186 | NMI=0.5141
🧪 实验 160/5000 | 种子711524 | ARI=0.5048 | NMI=0.5114
🧪 实验 170/5000 | 种子431447 | ARI=0.3838 | NMI=0.4898
🧪 实验 180/5000 | 种子556419 | ARI=0.6644 | NMI=0.5335
🧪 实验 190/5000 | 种子805805 | ARI=0.6930 | NMI=0.5769
🧪 实验 200/5000 | 种子62037 | ARI=0.5733 | NMI=0.5451
💾 批次 2 已保存: 100 个结果
📊 进度 200/5000 | 最佳: 种子63225, ARI=0.7473
⏱️  用时: 25.1分钟 | 预计剩余: 602.3分钟
🧪 实验 210/5000 | 种子45679 | ARI=0.6438 | NMI=0.5401
🧪 实验 220/5000 | 种子186263 | ARI=0.6732 | NMI=0.5166
🧪 实验 230/5000 | 种子189081 | ARI=0.3301 | NMI=0.4639
🧪 实验 240/5000 | 种子158993 | ARI=0.6273 | NMI=0.5547
🧪 实验 250/5000 | 种子859618 | ARI=0.5598 | NMI=0.4834
🧪 实验 260/5000 | 种子735052 | ARI=0.5479 | NMI=0.5433
🧪 实验 270/5000 | 种子662244 | ARI=0.6386 | NMI=0.6220
🧪 实验 280/5000 | 种子358748 | ARI=0.6244 | NMI=0.5674
🧪 实验 290/5000 | 种子780381 | ARI=0.6127 | NMI=0.5776
🧪 实验 300/5000 | 种子373281 | ARI=0.5284 | NMI=0.5405
💾 批次 3 已保存: 100 个结果
📊 进度 300/5000 | 最佳: 种子63225, ARI=0.7473
⏱️  用时: 37.6分钟 | 预计剩余: 588.7分钟
🧪 实验 310/5000 | 种子214218 | ARI=0.5473 | NMI=0.4629
🧪 实验 320/5000 | 种子849983 | ARI=0.3739 | NMI=0.4795
🧪 实验 330/5000 | 种子843058 | ARI=0.5418 | NMI=0.4832
🧪 实验 340/5000 | 种子836339 | ARI=0.3445 | NMI=0.3094
🧪 实验 350/5000 | 种子813896 | ARI=0.4429 | NMI=0.5050
🧪 实验 360/5000 | 种子573559 | ARI=0.5601 | NMI=0.5475
🧪 实验 370/5000 | 种子292259 | ARI=0.5726 | NMI=0.5257
🧪 实验 380/5000 | 种子339779 | ARI=0.5782 | NMI=0.5402
🧪 实验 390/5000 | 种子358724 | ARI=0.5114 | NMI=0.4581
🧪 实验 400/5000 | 种子605878 | ARI=0.6694 | NMI=0.5716
💾 批次 4 已保存: 100 个结果
📊 进度 400/5000 | 最佳: 种子63225, ARI=0.7473
⏱️  用时: 50.1分钟 | 预计剩余: 576.1分钟
🧪 实验 410/5000 | 种子423384 | ARI=0.6768 | NMI=0.6184
🧪 实验 420/5000 | 种子456079 | ARI=0.5502 | NMI=0.5027
🧪 实验 430/5000 | 种子363264 | ARI=0.3810 | NMI=0.5242
🧪 实验 440/5000 | 种子130278 | ARI=0.6895 | NMI=0.6022
🧪 实验 450/5000 | 种子116593 | ARI=0.5869 | NMI=0.4928
🧪 实验 460/5000 | 种子585985 | ARI=0.7040 | NMI=0.6042
🧪 实验 470/5000 | 种子64291 | ARI=0.6238 | NMI=0.5351
🧪 实验 480/5000 | 种子166878 | ARI=0.5112 | NMI=0.4096
🧪 实验 490/5000 | 种子630092 | ARI=0.6314 | NMI=0.5518
🧪 实验 500/5000 | 种子1711 | ARI=0.2922 | NMI=0.4192
💾 批次 5 已保存: 100 个结果
📊 进度 500/5000 | 最佳: 种子63225, ARI=0.7473
⏱️  用时: 62.6分钟 | 预计剩余: 563.5分钟
🧪 实验 510/5000 | 种子370959 | ARI=0.4525 | NMI=0.4790
🧪 实验 520/5000 | 种子949428 | ARI=0.5945 | NMI=0.5658
🧪 实验 530/5000 | 种子241722 | ARI=0.5439 | NMI=0.5028
🧪 实验 540/5000 | 种子446194 | ARI=0.5978 | NMI=0.6559
🧪 实验 550/5000 | 种子178035 | ARI=0.6659 | NMI=0.5847
🧪 实验 560/5000 | 种子399197 | ARI=0.5048 | NMI=0.4443
🧪 实验 570/5000 | 种子114136 | ARI=0.6364 | NMI=0.5706
🧪 实验 580/5000 | 种子122582 | ARI=0.4367 | NMI=0.4270
🧪 实验 590/5000 | 种子935830 | ARI=0.5484 | NMI=0.4850
🧪 实验 600/5000 | 种子169483 | ARI=0.6527 | NMI=0.6326
💾 批次 6 已保存: 100 个结果
📊 进度 600/5000 | 最佳: 种子63225, ARI=0.7473
⏱️  用时: 75.1分钟 | 预计剩余: 550.8分钟
🧪 实验 610/5000 | 种子840931 | ARI=0.5881 | NMI=0.4880
🧪 实验 620/5000 | 种子672358 | ARI=0.4472 | NMI=0.4672
🧪 实验 630/5000 | 种子169123 | ARI=0.6443 | NMI=0.5581
🧪 实验 640/5000 | 种子332271 | ARI=0.3944 | NMI=0.4652
🧪 实验 650/5000 | 种子807088 | ARI=0.5997 | NMI=0.5228
🧪 实验 660/5000 | 种子507951 | ARI=0.4678 | NMI=0.4638
🧪 实验 670/5000 | 种子804524 | ARI=0.6544 | NMI=0.5343
🧪 实验 680/5000 | 种子328674 | ARI=0.5382 | NMI=0.5404
🧪 实验 690/5000 | 种子826078 | ARI=0.6007 | NMI=0.5476
🧪 实验 700/5000 | 种子701647 | ARI=0.6988 | NMI=0.6192
💾 批次 7 已保存: 100 个结果
📊 进度 700/5000 | 最佳: 种子63225, ARI=0.7473
⏱️  用时: 87.6分钟 | 预计剩余: 538.3分钟
🧪 实验 710/5000 | 种子602682 | ARI=0.6072 | NMI=0.4898
🧪 实验 720/5000 | 种子227345 | ARI=0.6677 | NMI=0.5710
🧪 实验 730/5000 | 种子456378 | ARI=0.5281 | NMI=0.5041
🧪 实验 740/5000 | 种子485312 | ARI=0.6342 | NMI=0.5573
🧪 实验 750/5000 | 种子273193 | ARI=0.3903 | NMI=0.5392
🧪 实验 760/5000 | 种子47423 | ARI=0.6942 | NMI=0.6026
🧪 实验 770/5000 | 种子698542 | ARI=0.6614 | NMI=0.5714
🧪 实验 780/5000 | 种子526748 | ARI=0.5343 | NMI=0.4629
🧪 实验 790/5000 | 种子793761 | ARI=0.6347 | NMI=0.5619
🧪 实验 800/5000 | 种子761376 | ARI=0.5621 | NMI=0.4726
💾 批次 8 已保存: 100 个结果
📊 进度 800/5000 | 最佳: 种子63225, ARI=0.7473
⏱️  用时: 100.2分钟 | 预计剩余: 526.1分钟
🧪 实验 810/5000 | 种子422041 | ARI=0.6266 | NMI=0.5653
🧪 实验 820/5000 | 种子82034 | ARI=0.5878 | NMI=0.5395
🧪 实验 830/5000 | 种子399338 | ARI=0.4457 | NMI=0.4626
🧪 实验 840/5000 | 种子848987 | ARI=0.3801 | NMI=0.4969
🧪 实验 850/5000 | 种子587409 | ARI=0.4371 | NMI=0.4683
🧪 实验 860/5000 | 种子469958 | ARI=0.5951 | NMI=0.5508
🧪 实验 870/5000 | 种子970136 | ARI=0.6149 | NMI=0.5625
🧪 实验 880/5000 | 种子110339 | ARI=0.6517 | NMI=0.5881
🧪 实验 890/5000 | 种子773172 | ARI=0.6494 | NMI=0.5485
🧪 实验 900/5000 | 种子516706 | ARI=0.6535 | NMI=0.5807
💾 批次 9 已保存: 100 个结果
📊 进度 900/5000 | 最佳: 种子597553, ARI=0.7634
⏱️  用时: 112.8分钟 | 预计剩余: 513.7分钟
🧪 实验 910/5000 | 种子968026 | ARI=0.6297 | NMI=0.5869
🧪 实验 920/5000 | 种子2363 | ARI=0.6014 | NMI=0.5633
🧪 实验 930/5000 | 种子487125 | ARI=0.6906 | NMI=0.6311
🧪 实验 940/5000 | 种子4730 | ARI=0.6032 | NMI=0.4798
🧪 实验 950/5000 | 种子541131 | ARI=0.6577 | NMI=0.6066
🧪 实验 960/5000 | 种子87947 | ARI=0.6358 | NMI=0.5946
🧪 实验 970/5000 | 种子235821 | ARI=0.4570 | NMI=0.4464
🧪 实验 980/5000 | 种子937173 | ARI=0.4930 | NMI=0.5114
🧪 实验 990/5000 | 种子302244 | ARI=0.5096 | NMI=0.4900
🧪 实验 1000/5000 | 种子67401 | ARI=0.4798 | NMI=0.5408
💾 批次 10 已保存: 100 个结果
📊 进度 1000/5000 | 最佳: 种子597553, ARI=0.7634
⏱️  用时: 125.3分钟 | 预计剩余: 501.2分钟
🧪 实验 1010/5000 | 种子818729 | ARI=0.6043 | NMI=0.5195
🧪 实验 1020/5000 | 种子873768 | ARI=0.6218 | NMI=0.5717
🧪 实验 1030/5000 | 种子877736 | ARI=0.6182 | NMI=0.5287
🧪 实验 1040/5000 | 种子844810 | ARI=0.4885 | NMI=0.4023
🧪 实验 1050/5000 | 种子91489 | ARI=0.5583 | NMI=0.5392
🧪 实验 1060/5000 | 种子649615 | ARI=0.6728 | NMI=0.6192
🧪 实验 1070/5000 | 种子894338 | ARI=0.6559 | NMI=0.5842
🧪 实验 1080/5000 | 种子677419 | ARI=0.3963 | NMI=0.4465
🧪 实验 1090/5000 | 种子989984 | ARI=0.5736 | NMI=0.5634
🧪 实验 1100/5000 | 种子389910 | ARI=0.5294 | NMI=0.5809
💾 批次 11 已保存: 100 个结果
📊 进度 1100/5000 | 最佳: 种子597553, ARI=0.7634
⏱️  用时: 137.8分钟 | 预计剩余: 488.6分钟
🧪 实验 1110/5000 | 种子115333 | ARI=0.6343 | NMI=0.5520
🧪 实验 1120/5000 | 种子939603 | ARI=0.5218 | NMI=0.5041
🧪 实验 1130/5000 | 种子937153 | ARI=0.5546 | NMI=0.5092
🧪 实验 1140/5000 | 种子348389 | ARI=0.6363 | NMI=0.5539
🧪 实验 1150/5000 | 种子817615 | ARI=0.6529 | NMI=0.6012
🧪 实验 1160/5000 | 种子928024 | ARI=0.6376 | NMI=0.5842
🧪 实验 1170/5000 | 种子199857 | ARI=0.5386 | NMI=0.5807
🧪 实验 1180/5000 | 种子10677 | ARI=0.5937 | NMI=0.5601
🧪 实验 1190/5000 | 种子396271 | ARI=0.6084 | NMI=0.5391
🧪 实验 1200/5000 | 种子310623 | ARI=0.6839 | NMI=0.5782
💾 批次 12 已保存: 100 个结果
📊 进度 1200/5000 | 最佳: 种子597553, ARI=0.7634
⏱️  用时: 150.3分钟 | 预计剩余: 476.0分钟
🧪 实验 1210/5000 | 种子456676 | ARI=0.5725 | NMI=0.5624
🧪 实验 1220/5000 | 种子238463 | ARI=0.5635 | NMI=0.5612
🧪 实验 1230/5000 | 种子458310 | ARI=0.6063 | NMI=0.5603
🧪 实验 1240/5000 | 种子297713 | ARI=0.5836 | NMI=0.5205
🧪 实验 1250/5000 | 种子538779 | ARI=0.7136 | NMI=0.6401
🧪 实验 1260/5000 | 种子616822 | ARI=0.6111 | NMI=0.5584
🧪 实验 1270/5000 | 种子473884 | ARI=0.4057 | NMI=0.4316
🧪 实验 1280/5000 | 种子579307 | ARI=0.6125 | NMI=0.5886
🧪 实验 1290/5000 | 种子930079 | ARI=0.5792 | NMI=0.5506
🧪 实验 1300/5000 | 种子423295 | ARI=0.6210 | NMI=0.5685
💾 批次 13 已保存: 100 个结果
📊 进度 1300/5000 | 最佳: 种子597553, ARI=0.7634
⏱️  用时: 162.9分钟 | 预计剩余: 463.6分钟
🧪 实验 1310/5000 | 种子480910 | ARI=0.5518 | NMI=0.5030
🧪 实验 1320/5000 | 种子695198 | ARI=0.4440 | NMI=0.4176
🧪 实验 1330/5000 | 种子272962 | ARI=0.6024 | NMI=0.5613
🧪 实验 1340/5000 | 种子240974 | ARI=0.6414 | NMI=0.5995
🧪 实验 1350/5000 | 种子59175 | ARI=0.6114 | NMI=0.5420
🧪 实验 1360/5000 | 种子909428 | ARI=0.6060 | NMI=0.5550
🧪 实验 1370/5000 | 种子666888 | ARI=0.6156 | NMI=0.5445
🧪 实验 1380/5000 | 种子462443 | ARI=0.3898 | NMI=0.4771
🧪 实验 1390/5000 | 种子795495 | ARI=0.5662 | NMI=0.5266
🧪 实验 1400/5000 | 种子353956 | ARI=0.4696 | NMI=0.4857
💾 批次 14 已保存: 100 个结果
📊 进度 1400/5000 | 最佳: 种子597553, ARI=0.7634
⏱️  用时: 175.4分钟 | 预计剩余: 451.1分钟
🧪 实验 1410/5000 | 种子798064 | ARI=0.5852 | NMI=0.5543
🧪 实验 1420/5000 | 种子873299 | ARI=0.7038 | NMI=0.6145
🧪 实验 1430/5000 | 种子847803 | ARI=0.6321 | NMI=0.5531
🧪 实验 1440/5000 | 种子547878 | ARI=0.5180 | NMI=0.4487
🧪 实验 1450/5000 | 种子834277 | ARI=0.5156 | NMI=0.5155
🧪 实验 1460/5000 | 种子5465 | ARI=0.5930 | NMI=0.5475
🧪 实验 1470/5000 | 种子916751 | ARI=0.6206 | NMI=0.5359
🧪 实验 1480/5000 | 种子282686 | ARI=0.5564 | NMI=0.5440
🧪 实验 1490/5000 | 种子365302 | ARI=0.3483 | NMI=0.4553
🧪 实验 1500/5000 | 种子793296 | ARI=0.6115 | NMI=0.5153
💾 批次 15 已保存: 100 个结果
📊 进度 1500/5000 | 最佳: 种子597553, ARI=0.7634
⏱️  用时: 188.0分钟 | 预计剩余: 438.8分钟
🧪 实验 1510/5000 | 种子486980 | ARI=0.4146 | NMI=0.4647
🧪 实验 1520/5000 | 种子465776 | ARI=0.6261 | NMI=0.5421
🧪 实验 1530/5000 | 种子252092 | ARI=0.6022 | NMI=0.5157
🧪 实验 1540/5000 | 种子626422 | ARI=0.6039 | NMI=0.5453
🧪 实验 1550/5000 | 种子535945 | ARI=0.5462 | NMI=0.4653
🧪 实验 1560/5000 | 种子340590 | ARI=0.6394 | NMI=0.6198
🧪 实验 1570/5000 | 种子81367 | ARI=0.7018 | NMI=0.5958
🧪 实验 1580/5000 | 种子56426 | ARI=0.5656 | NMI=0.5601
🧪 实验 1590/5000 | 种子159566 | ARI=0.4811 | NMI=0.4380
🧪 实验 1600/5000 | 种子991498 | ARI=0.6370 | NMI=0.6311
💾 批次 16 已保存: 100 个结果
📊 进度 1600/5000 | 最佳: 种子597553, ARI=0.7634
⏱️  用时: 200.6分钟 | 预计剩余: 426.4分钟
🧪 实验 1610/5000 | 种子753609 | ARI=0.4081 | NMI=0.4395
🧪 实验 1620/5000 | 种子748710 | ARI=0.6333 | NMI=0.5984
🧪 实验 1630/5000 | 种子655732 | ARI=0.6133 | NMI=0.5033
🧪 实验 1640/5000 | 种子74437 | ARI=0.6071 | NMI=0.5889
🧪 实验 1650/5000 | 种子359703 | ARI=0.6395 | NMI=0.5665
🧪 实验 1660/5000 | 种子456943 | ARI=0.5361 | NMI=0.5050
🧪 实验 1670/5000 | 种子404081 | ARI=0.6302 | NMI=0.5560
🧪 实验 1680/5000 | 种子578706 | ARI=0.6427 | NMI=0.5566
🧪 实验 1690/5000 | 种子615428 | ARI=0.5028 | NMI=0.4404
🧪 实验 1700/5000 | 种子854295 | ARI=0.6483 | NMI=0.5695
💾 批次 17 已保存: 100 个结果
📊 进度 1700/5000 | 最佳: 种子597553, ARI=0.7634
⏱️  用时: 213.2分钟 | 预计剩余: 413.9分钟
🧪 实验 1710/5000 | 种子856350 | ARI=0.6511 | NMI=0.5810
🧪 实验 1720/5000 | 种子377250 | ARI=0.4552 | NMI=0.4837
🧪 实验 1730/5000 | 种子396664 | ARI=0.4902 | NMI=0.5404
🧪 实验 1740/5000 | 种子597495 | ARI=0.5986 | NMI=0.5421
🧪 实验 1750/5000 | 种子201233 | ARI=0.5665 | NMI=0.5648
🧪 实验 1760/5000 | 种子189283 | ARI=0.5587 | NMI=0.5831
🧪 实验 1770/5000 | 种子571785 | ARI=0.5968 | NMI=0.5626
🧪 实验 1780/5000 | 种子471264 | ARI=0.5144 | NMI=0.4957
🧪 实验 1790/5000 | 种子878555 | ARI=0.5970 | NMI=0.6024
🧪 实验 1800/5000 | 种子302663 | ARI=0.5337 | NMI=0.4976
💾 批次 18 已保存: 100 个结果
📊 进度 1800/5000 | 最佳: 种子597553, ARI=0.7634
⏱️  用时: 225.8分钟 | 预计剩余: 401.4分钟
🧪 实验 1810/5000 | 种子511234 | ARI=0.6178 | NMI=0.5578
🧪 实验 1820/5000 | 种子226940 | ARI=0.4800 | NMI=0.4296
🧪 实验 1830/5000 | 种子877778 | ARI=0.5680 | NMI=0.4988
🧪 实验 1840/5000 | 种子268573 | ARI=0.5094 | NMI=0.4415
🧪 实验 1850/5000 | 种子262002 | ARI=0.6530 | NMI=0.5828
🧪 实验 1860/5000 | 种子977238 | ARI=0.5502 | NMI=0.5336
🧪 实验 1870/5000 | 种子727455 | ARI=0.5825 | NMI=0.5246
🧪 实验 1880/5000 | 种子298686 | ARI=0.6914 | NMI=0.5915
🧪 实验 1890/5000 | 种子934431 | ARI=0.5714 | NMI=0.5039
🧪 实验 1900/5000 | 种子162950 | ARI=0.5579 | NMI=0.5240
💾 批次 19 已保存: 100 个结果
📊 进度 1900/5000 | 最佳: 种子597553, ARI=0.7634
⏱️  用时: 238.3分钟 | 预计剩余: 388.9分钟
🧪 实验 1910/5000 | 种子632577 | ARI=0.6528 | NMI=0.5512
🧪 实验 1920/5000 | 种子10970 | ARI=0.4515 | NMI=0.5018
🧪 实验 1930/5000 | 种子867754 | ARI=0.5137 | NMI=0.5447
🧪 实验 1940/5000 | 种子961381 | ARI=0.5829 | NMI=0.5769
🧪 实验 1950/5000 | 种子465910 | ARI=0.5491 | NMI=0.4948
🧪 实验 1960/5000 | 种子386143 | ARI=0.5373 | NMI=0.4598
🧪 实验 1970/5000 | 种子764127 | ARI=0.6566 | NMI=0.5707
🧪 实验 1980/5000 | 种子528709 | ARI=0.5996 | NMI=0.4913
🧪 实验 1990/5000 | 种子407491 | ARI=0.4132 | NMI=0.4679
🧪 实验 2000/5000 | 种子71335 | ARI=0.5963 | NMI=0.5624
💾 批次 20 已保存: 100 个结果
📊 进度 2000/5000 | 最佳: 种子597553, ARI=0.7634
⏱️  用时: 250.9分钟 | 预计剩余: 376.3分钟
🧪 实验 2010/5000 | 种子156743 | ARI=0.5735 | NMI=0.5728
🧪 实验 2020/5000 | 种子693605 | ARI=0.2562 | NMI=0.4312
🧪 实验 2030/5000 | 种子131640 | ARI=0.4428 | NMI=0.5133
🧪 实验 2040/5000 | 种子316893 | ARI=0.3319 | NMI=0.4567
🧪 实验 2050/5000 | 种子407930 | ARI=0.6018 | NMI=0.5341
🧪 实验 2060/5000 | 种子520091 | ARI=0.6679 | NMI=0.6058
🧪 实验 2070/5000 | 种子148032 | ARI=0.4481 | NMI=0.4864
🧪 实验 2080/5000 | 种子422126 | ARI=0.7321 | NMI=0.6153
🧪 实验 2090/5000 | 种子113331 | ARI=0.5947 | NMI=0.5459
🧪 实验 2100/5000 | 种子423049 | ARI=0.6481 | NMI=0.5896
💾 批次 21 已保存: 100 个结果
📊 进度 2100/5000 | 最佳: 种子597553, ARI=0.7634
⏱️  用时: 263.4分钟 | 预计剩余: 363.8分钟
🧪 实验 2110/5000 | 种子518252 | ARI=0.5872 | NMI=0.5602
🧪 实验 2120/5000 | 种子248449 | ARI=0.6896 | NMI=0.6139
🧪 实验 2130/5000 | 种子347858 | ARI=0.3612 | NMI=0.4736
🧪 实验 2140/5000 | 种子316179 | ARI=0.5431 | NMI=0.4735
🧪 实验 2150/5000 | 种子283941 | ARI=0.6338 | NMI=0.5235
🧪 实验 2160/5000 | 种子354714 | ARI=0.6621 | NMI=0.5435
🧪 实验 2170/5000 | 种子344967 | ARI=0.6231 | NMI=0.5411
🧪 实验 2180/5000 | 种子782532 | ARI=0.3944 | NMI=0.3119
🧪 实验 2190/5000 | 种子467419 | ARI=0.5606 | NMI=0.4824
🧪 实验 2200/5000 | 种子667014 | ARI=0.5728 | NMI=0.4933
💾 批次 22 已保存: 100 个结果
📊 进度 2200/5000 | 最佳: 种子597553, ARI=0.7634
⏱️  用时: 276.0分钟 | 预计剩余: 351.3分钟
🧪 实验 2210/5000 | 种子142576 | ARI=0.4447 | NMI=0.4116
🧪 实验 2220/5000 | 种子986729 | ARI=0.6126 | NMI=0.5883
🧪 实验 2230/5000 | 种子618428 | ARI=0.6162 | NMI=0.5113
🧪 实验 2240/5000 | 种子186 | ARI=0.6390 | NMI=0.4957
🧪 实验 2250/5000 | 种子662219 | ARI=0.6118 | NMI=0.5775
🧪 实验 2260/5000 | 种子782153 | ARI=0.5953 | NMI=0.6253
🧪 实验 2270/5000 | 种子944283 | ARI=0.4917 | NMI=0.4548
🧪 实验 2280/5000 | 种子572723 | ARI=0.5165 | NMI=0.4518
🧪 实验 2290/5000 | 种子310410 | ARI=0.6703 | NMI=0.5398
🧪 实验 2300/5000 | 种子15320 | ARI=0.5839 | NMI=0.4982
💾 批次 23 已保存: 100 个结果
📊 进度 2300/5000 | 最佳: 种子597553, ARI=0.7634
⏱️  用时: 288.6分钟 | 预计剩余: 338.8分钟
🧪 实验 2310/5000 | 种子606638 | ARI=0.6046 | NMI=0.5623
🧪 实验 2320/5000 | 种子43196 | ARI=0.6271 | NMI=0.5841
🧪 实验 2330/5000 | 种子600960 | ARI=0.7246 | NMI=0.5944
🧪 实验 2340/5000 | 种子20430 | ARI=0.4339 | NMI=0.4894
🧪 实验 2350/5000 | 种子351991 | ARI=0.5998 | NMI=0.5467
🧪 实验 2360/5000 | 种子934981 | ARI=0.5730 | NMI=0.6222
🧪 实验 2370/5000 | 种子866791 | ARI=0.6046 | NMI=0.5681
🧪 实验 2380/5000 | 种子990100 | ARI=0.4584 | NMI=0.4544
🧪 实验 2390/5000 | 种子15027 | ARI=0.6056 | NMI=0.5237
🧪 实验 2400/5000 | 种子705009 | ARI=0.4876 | NMI=0.4557
💾 批次 24 已保存: 100 个结果
📊 进度 2400/5000 | 最佳: 种子597553, ARI=0.7634
⏱️  用时: 301.3分钟 | 预计剩余: 326.4分钟
🧪 实验 2410/5000 | 种子478022 | ARI=0.5975 | NMI=0.5250
🧪 实验 2420/5000 | 种子434094 | ARI=0.5919 | NMI=0.5114
🧪 实验 2430/5000 | 种子180106 | ARI=0.6314 | NMI=0.5281
🧪 实验 2440/5000 | 种子93059 | ARI=0.6491 | NMI=0.5345
🧪 实验 2450/5000 | 种子674239 | ARI=0.6112 | NMI=0.5690
🧪 实验 2460/5000 | 种子232955 | ARI=0.6492 | NMI=0.5524
🧪 实验 2470/5000 | 种子749175 | ARI=0.5494 | NMI=0.5198
🧪 实验 2480/5000 | 种子876086 | ARI=0.5288 | NMI=0.5427
🧪 实验 2490/5000 | 种子791941 | ARI=0.5634 | NMI=0.5440
🧪 实验 2500/5000 | 种子786182 | ARI=0.7272 | NMI=0.5979
💾 批次 25 已保存: 100 个结果
📊 进度 2500/5000 | 最佳: 种子597553, ARI=0.7634
⏱️  用时: 314.0分钟 | 预计剩余: 314.0分钟
🧪 实验 2510/5000 | 种子610095 | ARI=0.6548 | NMI=0.5887
🧪 实验 2520/5000 | 种子958880 | ARI=0.5722 | NMI=0.5565
🧪 实验 2530/5000 | 种子787089 | ARI=0.5522 | NMI=0.4818
🧪 实验 2540/5000 | 种子476177 | ARI=0.6353 | NMI=0.5996
🧪 实验 2550/5000 | 种子915212 | ARI=0.6700 | NMI=0.5731
🧪 实验 2560/5000 | 种子845833 | ARI=0.6036 | NMI=0.5258
🧪 实验 2570/5000 | 种子469783 | ARI=0.3216 | NMI=0.4385
🧪 实验 2580/5000 | 种子366921 | ARI=0.5902 | NMI=0.5013
🧪 实验 2590/5000 | 种子56244 | ARI=0.4944 | NMI=0.5292
🧪 实验 2600/5000 | 种子895211 | ARI=0.6335 | NMI=0.5668
💾 批次 26 已保存: 100 个结果
📊 进度 2600/5000 | 最佳: 种子597553, ARI=0.7634
⏱️  用时: 326.7分钟 | 预计剩余: 301.5分钟
🧪 实验 2610/5000 | 种子477821 | ARI=0.6123 | NMI=0.5822
🧪 实验 2620/5000 | 种子890140 | ARI=0.6380 | NMI=0.6032
🧪 实验 2630/5000 | 种子629135 | ARI=0.5601 | NMI=0.5251
🧪 实验 2640/5000 | 种子786056 | ARI=0.6170 | NMI=0.5545
🧪 实验 2650/5000 | 种子279258 | ARI=0.6035 | NMI=0.4764
🧪 实验 2660/5000 | 种子632683 | ARI=0.6139 | NMI=0.5451
🧪 实验 2670/5000 | 种子886932 | ARI=0.5990 | NMI=0.5235
🧪 实验 2680/5000 | 种子696116 | ARI=0.5430 | NMI=0.5067
🧪 实验 2690/5000 | 种子766758 | ARI=0.4953 | NMI=0.5216
🧪 实验 2700/5000 | 种子640786 | ARI=0.6592 | NMI=0.5910
💾 批次 27 已保存: 100 个结果
📊 进度 2700/5000 | 最佳: 种子597553, ARI=0.7634
⏱️  用时: 339.3分钟 | 预计剩余: 289.0分钟
🧪 实验 2710/5000 | 种子352872 | ARI=0.6082 | NMI=0.5662
🧪 实验 2720/5000 | 种子450698 | ARI=0.5838 | NMI=0.6069
🧪 实验 2730/5000 | 种子390742 | ARI=0.5784 | NMI=0.5940
🧪 实验 2740/5000 | 种子374503 | ARI=0.6437 | NMI=0.5983
🧪 实验 2750/5000 | 种子994689 | ARI=0.5855 | NMI=0.5038
🧪 实验 2760/5000 | 种子832901 | ARI=0.6357 | NMI=0.5721
🧪 实验 2770/5000 | 种子761465 | ARI=0.3776 | NMI=0.4496
🧪 实验 2780/5000 | 种子77672 | ARI=0.5671 | NMI=0.5741
🧪 实验 2790/5000 | 种子325202 | ARI=0.5861 | NMI=0.5402
🧪 实验 2800/5000 | 种子118524 | ARI=0.5694 | NMI=0.5300
💾 批次 28 已保存: 100 个结果
📊 进度 2800/5000 | 最佳: 种子597553, ARI=0.7634
⏱️  用时: 351.8分钟 | 预计剩余: 276.5分钟
🧪 实验 2810/5000 | 种子952380 | ARI=0.5859 | NMI=0.5616
🧪 实验 2820/5000 | 种子840868 | ARI=0.6436 | NMI=0.5824
🧪 实验 2830/5000 | 种子14843 | ARI=0.6936 | NMI=0.6078
🧪 实验 2840/5000 | 种子525103 | ARI=0.6033 | NMI=0.5453
🧪 实验 2850/5000 | 种子732300 | ARI=0.6906 | NMI=0.5472
🧪 实验 2860/5000 | 种子6710 | ARI=0.5589 | NMI=0.4959
🧪 实验 2870/5000 | 种子884398 | ARI=0.6684 | NMI=0.5812
🧪 实验 2880/5000 | 种子548425 | ARI=0.5803 | NMI=0.5483
🧪 实验 2890/5000 | 种子83372 | ARI=0.6338 | NMI=0.5682
🧪 实验 2900/5000 | 种子93643 | ARI=0.6382 | NMI=0.5543
💾 批次 29 已保存: 100 个结果
📊 进度 2900/5000 | 最佳: 种子597553, ARI=0.7634
⏱️  用时: 364.5分钟 | 预计剩余: 263.9分钟
🧪 实验 2910/5000 | 种子556392 | ARI=0.5992 | NMI=0.5531
🧪 实验 2920/5000 | 种子510481 | ARI=0.6392 | NMI=0.5646
🧪 实验 2930/5000 | 种子150448 | ARI=0.5877 | NMI=0.5486
🧪 实验 2940/5000 | 种子118950 | ARI=0.5981 | NMI=0.6437
🧪 实验 2950/5000 | 种子366306 | ARI=0.4607 | NMI=0.5197
🧪 实验 2960/5000 | 种子492986 | ARI=0.6614 | NMI=0.6168
🧪 实验 2970/5000 | 种子124380 | ARI=0.6356 | NMI=0.5659
🧪 实验 2980/5000 | 种子38361 | ARI=0.5197 | NMI=0.5370
🧪 实验 2990/5000 | 种子956397 | ARI=0.5811 | NMI=0.5242
🧪 实验 3000/5000 | 种子132271 | ARI=0.4965 | NMI=0.4999
💾 批次 30 已保存: 100 个结果
📊 进度 3000/5000 | 最佳: 种子597553, ARI=0.7634
⏱️  用时: 377.1分钟 | 预计剩余: 251.4分钟
🧪 实验 3010/5000 | 种子943934 | ARI=0.6214 | NMI=0.5565
🧪 实验 3020/5000 | 种子104214 | ARI=0.6105 | NMI=0.4623
🧪 实验 3030/5000 | 种子594439 | ARI=0.5654 | NMI=0.5702
🧪 实验 3040/5000 | 种子317177 | ARI=0.5994 | NMI=0.5590
🧪 实验 3050/5000 | 种子959284 | ARI=0.6089 | NMI=0.5682
🧪 实验 3060/5000 | 种子403586 | ARI=0.5371 | NMI=0.5146
🧪 实验 3070/5000 | 种子252919 | ARI=0.4646 | NMI=0.4681
🧪 实验 3080/5000 | 种子725433 | ARI=0.5377 | NMI=0.4924
🧪 实验 3090/5000 | 种子207998 | ARI=0.5878 | NMI=0.4981
🧪 实验 3100/5000 | 种子838515 | ARI=0.6297 | NMI=0.5282
💾 批次 31 已保存: 100 个结果
📊 进度 3100/5000 | 最佳: 种子597553, ARI=0.7634
⏱️  用时: 389.6分钟 | 预计剩余: 238.8分钟
🧪 实验 3110/5000 | 种子854390 | ARI=0.6852 | NMI=0.5825
🧪 实验 3120/5000 | 种子899473 | ARI=0.6621 | NMI=0.5286
🧪 实验 3130/5000 | 种子136873 | ARI=0.6154 | NMI=0.5473
🧪 实验 3140/5000 | 种子97075 | ARI=0.5426 | NMI=0.5534
🧪 实验 3150/5000 | 种子179621 | ARI=0.4943 | NMI=0.5161
🧪 实验 3160/5000 | 种子701656 | ARI=0.6529 | NMI=0.6011
🧪 实验 3170/5000 | 种子685798 | ARI=0.5658 | NMI=0.5268
🧪 实验 3180/5000 | 种子31641 | ARI=0.6272 | NMI=0.5824
🧪 实验 3190/5000 | 种子933259 | ARI=0.5280 | NMI=0.5245
🧪 实验 3200/5000 | 种子816650 | ARI=0.7095 | NMI=0.6058
💾 批次 32 已保存: 100 个结果
📊 进度 3200/5000 | 最佳: 种子597553, ARI=0.7634
⏱️  用时: 402.3分钟 | 预计剩余: 226.3分钟
🧪 实验 3210/5000 | 种子365518 | ARI=0.6836 | NMI=0.6009
🧪 实验 3220/5000 | 种子511389 | ARI=0.5577 | NMI=0.4843
🧪 实验 3230/5000 | 种子971671 | ARI=0.7247 | NMI=0.6174
🧪 实验 3240/5000 | 种子496174 | ARI=0.5936 | NMI=0.5418
🧪 实验 3250/5000 | 种子61463 | ARI=0.3943 | NMI=0.4338
🧪 实验 3260/5000 | 种子752852 | ARI=0.5297 | NMI=0.5548
🧪 实验 3270/5000 | 种子785748 | ARI=0.5434 | NMI=0.5236
🧪 实验 3280/5000 | 种子67809 | ARI=0.6734 | NMI=0.5628
🧪 实验 3290/5000 | 种子325256 | ARI=0.6795 | NMI=0.5686
🧪 实验 3300/5000 | 种子927409 | ARI=0.5729 | NMI=0.5087
💾 批次 33 已保存: 100 个结果
📊 进度 3300/5000 | 最佳: 种子597553, ARI=0.7634
⏱️  用时: 414.9分钟 | 预计剩余: 213.7分钟
🧪 实验 3310/5000 | 种子252505 | ARI=0.6790 | NMI=0.5750
🧪 实验 3320/5000 | 种子670925 | ARI=0.4063 | NMI=0.4455
🧪 实验 3330/5000 | 种子534701 | ARI=0.5920 | NMI=0.5027
🧪 实验 3340/5000 | 种子954173 | ARI=0.5893 | NMI=0.5363
🧪 实验 3350/5000 | 种子333446 | ARI=0.6972 | NMI=0.6618
🧪 实验 3360/5000 | 种子20833 | ARI=0.6453 | NMI=0.6390
🧪 实验 3370/5000 | 种子330217 | ARI=0.7384 | NMI=0.6900
🧪 实验 3380/5000 | 种子109140 | ARI=0.6933 | NMI=0.6234
🧪 实验 3390/5000 | 种子354230 | ARI=0.5861 | NMI=0.5740
🧪 实验 3400/5000 | 种子326820 | ARI=0.5353 | NMI=0.5332
💾 批次 34 已保存: 100 个结果
📊 进度 3400/5000 | 最佳: 种子597553, ARI=0.7634
⏱️  用时: 427.4分钟 | 预计剩余: 201.1分钟
🧪 实验 3410/5000 | 种子252890 | ARI=0.6069 | NMI=0.5147
🧪 实验 3420/5000 | 种子407067 | ARI=0.6419 | NMI=0.5836
🧪 实验 3430/5000 | 种子864764 | ARI=0.6758 | NMI=0.5512
🧪 实验 3440/5000 | 种子654084 | ARI=0.5980 | NMI=0.5779
🧪 实验 3450/5000 | 种子864581 | ARI=0.4362 | NMI=0.4993
🧪 实验 3460/5000 | 种子830615 | ARI=0.5893 | NMI=0.4599
🧪 实验 3470/5000 | 种子576618 | ARI=0.3603 | NMI=0.4387
🧪 实验 3480/5000 | 种子311741 | ARI=0.5854 | NMI=0.4469
🧪 实验 3490/5000 | 种子269430 | ARI=0.6227 | NMI=0.5687
🧪 实验 3500/5000 | 种子71726 | ARI=0.6531 | NMI=0.5722
💾 批次 35 已保存: 100 个结果
📊 进度 3500/5000 | 最佳: 种子597553, ARI=0.7634
⏱️  用时: 440.0分钟 | 预计剩余: 188.6分钟
🧪 实验 3510/5000 | 种子880495 | ARI=0.6310 | NMI=0.5376
🧪 实验 3520/5000 | 种子285198 | ARI=0.5171 | NMI=0.5104
🧪 实验 3530/5000 | 种子332990 | ARI=0.6002 | NMI=0.5118
🧪 实验 3540/5000 | 种子924727 | ARI=0.6772 | NMI=0.5984
🧪 实验 3550/5000 | 种子721790 | ARI=0.6440 | NMI=0.6105
🧪 实验 3560/5000 | 种子447400 | ARI=0.3529 | NMI=0.5067
🧪 实验 3570/5000 | 种子602005 | ARI=0.6833 | NMI=0.5777
🧪 实验 3580/5000 | 种子3222 | ARI=0.4140 | NMI=0.4912
🧪 实验 3590/5000 | 种子526119 | ARI=0.5418 | NMI=0.4949
🧪 实验 3600/5000 | 种子482346 | ARI=0.5960 | NMI=0.5392
💾 批次 36 已保存: 100 个结果
📊 进度 3600/5000 | 最佳: 种子597553, ARI=0.7634
⏱️  用时: 452.5分钟 | 预计剩余: 176.0分钟
🧪 实验 3610/5000 | 种子637077 | ARI=0.5554 | NMI=0.4982
🧪 实验 3620/5000 | 种子281785 | ARI=0.4068 | NMI=0.4363
🧪 实验 3630/5000 | 种子489670 | ARI=0.6289 | NMI=0.5701
🧪 实验 3640/5000 | 种子43173 | ARI=0.5816 | NMI=0.5057
🧪 实验 3650/5000 | 种子914399 | ARI=0.3541 | NMI=0.4834
🧪 实验 3660/5000 | 种子1553 | ARI=0.6094 | NMI=0.5774
🧪 实验 3670/5000 | 种子672869 | ARI=0.5493 | NMI=0.5332
🧪 实验 3680/5000 | 种子115346 | ARI=0.6203 | NMI=0.5246
🧪 实验 3690/5000 | 种子497917 | ARI=0.6472 | NMI=0.5172
🧪 实验 3700/5000 | 种子311236 | ARI=0.6172 | NMI=0.5887
💾 批次 37 已保存: 100 个结果
📊 进度 3700/5000 | 最佳: 种子597553, ARI=0.7634
⏱️  用时: 465.0分钟 | 预计剩余: 163.4分钟
🧪 实验 3710/5000 | 种子186647 | ARI=0.6513 | NMI=0.5486
🧪 实验 3720/5000 | 种子924018 | ARI=0.6904 | NMI=0.6202
🧪 实验 3730/5000 | 种子66744 | ARI=0.5786 | NMI=0.5136
🧪 实验 3740/5000 | 种子674600 | ARI=0.4648 | NMI=0.5071
🧪 实验 3750/5000 | 种子327076 | ARI=0.4143 | NMI=0.3953
🧪 实验 3760/5000 | 种子715227 | ARI=0.6705 | NMI=0.5445
🧪 实验 3770/5000 | 种子553192 | ARI=0.5878 | NMI=0.4958
🧪 实验 3780/5000 | 种子509785 | ARI=0.6418 | NMI=0.5312
🧪 实验 3790/5000 | 种子631013 | ARI=0.3511 | NMI=0.4954
🧪 实验 3800/5000 | 种子672865 | ARI=0.5735 | NMI=0.5110
💾 批次 38 已保存: 100 个结果
📊 进度 3800/5000 | 最佳: 种子597553, ARI=0.7634
⏱️  用时: 477.5分钟 | 预计剩余: 150.8分钟
🧪 实验 3810/5000 | 种子767573 | ARI=0.5493 | NMI=0.5420
🧪 实验 3820/5000 | 种子328239 | ARI=0.6254 | NMI=0.5135
🧪 实验 3830/5000 | 种子58009 | ARI=0.6804 | NMI=0.6013
🧪 实验 3840/5000 | 种子625416 | ARI=0.6359 | NMI=0.5562
🧪 实验 3850/5000 | 种子482531 | ARI=0.4899 | NMI=0.4615
🧪 实验 3860/5000 | 种子273078 | ARI=0.6379 | NMI=0.5164
🧪 实验 3870/5000 | 种子337048 | ARI=0.6961 | NMI=0.6065
🧪 实验 3880/5000 | 种子271703 | ARI=0.5782 | NMI=0.5403
🧪 实验 3890/5000 | 种子579406 | ARI=0.5084 | NMI=0.4383
🧪 实验 3900/5000 | 种子959285 | ARI=0.5810 | NMI=0.5342
💾 批次 39 已保存: 100 个结果
📊 进度 3900/5000 | 最佳: 种子597553, ARI=0.7634
⏱️  用时: 490.0分钟 | 预计剩余: 138.2分钟
🧪 实验 3910/5000 | 种子341163 | ARI=0.6614 | NMI=0.5841
🧪 实验 3920/5000 | 种子890426 | ARI=0.5836 | NMI=0.5593
🧪 实验 3930/5000 | 种子375049 | ARI=0.5783 | NMI=0.5024
🧪 实验 3940/5000 | 种子236841 | ARI=0.4800 | NMI=0.4473
🧪 实验 3950/5000 | 种子907746 | ARI=0.5701 | NMI=0.5634
🧪 实验 3960/5000 | 种子515239 | ARI=0.5340 | NMI=0.4870
🧪 实验 3970/5000 | 种子37783 | ARI=0.3736 | NMI=0.4598
🧪 实验 3980/5000 | 种子649208 | ARI=0.5812 | NMI=0.4842
🧪 实验 3990/5000 | 种子304800 | ARI=0.4003 | NMI=0.4486
🧪 实验 4000/5000 | 种子544981 | ARI=0.5998 | NMI=0.5302
💾 批次 40 已保存: 100 个结果
📊 进度 4000/5000 | 最佳: 种子965053, ARI=0.7684
⏱️  用时: 502.5分钟 | 预计剩余: 125.6分钟
🧪 实验 4010/5000 | 种子852398 | ARI=0.6319 | NMI=0.5526
🧪 实验 4020/5000 | 种子734969 | ARI=0.5733 | NMI=0.4797
🧪 实验 4030/5000 | 种子699155 | ARI=0.6052 | NMI=0.5712
🧪 实验 4040/5000 | 种子551046 | ARI=0.5939 | NMI=0.5716
🧪 实验 4050/5000 | 种子51441 | ARI=0.6686 | NMI=0.5549
🧪 实验 4060/5000 | 种子461525 | ARI=0.5952 | NMI=0.6011
🧪 实验 4070/5000 | 种子10849 | ARI=0.5945 | NMI=0.5511
🧪 实验 4080/5000 | 种子133465 | ARI=0.5676 | NMI=0.5658
🧪 实验 4090/5000 | 种子925280 | ARI=0.5818 | NMI=0.4401
🧪 实验 4100/5000 | 种子114583 | ARI=0.5451 | NMI=0.4858
💾 批次 41 已保存: 100 个结果
📊 进度 4100/5000 | 最佳: 种子965053, ARI=0.7684
⏱️  用时: 515.0分钟 | 预计剩余: 113.0分钟
🧪 实验 4110/5000 | 种子742160 | ARI=0.5614 | NMI=0.5624
🧪 实验 4120/5000 | 种子748649 | ARI=0.3651 | NMI=0.4886
🧪 实验 4130/5000 | 种子992751 | ARI=0.6486 | NMI=0.5458
🧪 实验 4140/5000 | 种子529383 | ARI=0.6246 | NMI=0.5224
🧪 实验 4150/5000 | 种子731260 | ARI=0.4907 | NMI=0.5503
🧪 实验 4160/5000 | 种子155166 | ARI=0.4425 | NMI=0.4885
🧪 实验 4170/5000 | 种子536704 | ARI=0.5540 | NMI=0.4639
🧪 实验 4180/5000 | 种子448288 | ARI=0.5958 | NMI=0.5778
🧪 实验 4190/5000 | 种子170371 | ARI=0.6553 | NMI=0.5464
🧪 实验 4200/5000 | 种子762014 | ARI=0.6688 | NMI=0.5877
💾 批次 42 已保存: 100 个结果
📊 进度 4200/5000 | 最佳: 种子965053, ARI=0.7684
⏱️  用时: 527.5分钟 | 预计剩余: 100.5分钟
🧪 实验 4210/5000 | 种子661072 | ARI=0.5222 | NMI=0.5631
🧪 实验 4220/5000 | 种子593081 | ARI=0.7063 | NMI=0.5739
🧪 实验 4230/5000 | 种子957144 | ARI=0.6573 | NMI=0.5475
🧪 实验 4240/5000 | 种子159818 | ARI=0.6062 | NMI=0.5404
🧪 实验 4250/5000 | 种子117424 | ARI=0.5635 | NMI=0.5856
🧪 实验 4260/5000 | 种子622371 | ARI=0.6455 | NMI=0.6074
🧪 实验 4270/5000 | 种子261726 | ARI=0.7099 | NMI=0.5972
🧪 实验 4280/5000 | 种子601689 | ARI=0.5770 | NMI=0.4492
🧪 实验 4290/5000 | 种子843178 | ARI=0.5959 | NMI=0.5563
🧪 实验 4300/5000 | 种子885689 | ARI=0.6776 | NMI=0.6280
💾 批次 43 已保存: 100 个结果
📊 进度 4300/5000 | 最佳: 种子965053, ARI=0.7684
⏱️  用时: 540.0分钟 | 预计剩余: 87.9分钟
🧪 实验 4310/5000 | 种子514341 | ARI=0.6739 | NMI=0.5945
🧪 实验 4320/5000 | 种子345538 | ARI=0.6368 | NMI=0.6638
🧪 实验 4330/5000 | 种子954726 | ARI=0.3891 | NMI=0.5027
🧪 实验 4340/5000 | 种子618506 | ARI=0.5947 | NMI=0.5219
🧪 实验 4350/5000 | 种子525261 | ARI=0.5383 | NMI=0.5041
🧪 实验 4360/5000 | 种子495761 | ARI=0.5378 | NMI=0.4819
🧪 实验 4370/5000 | 种子408297 | ARI=0.5091 | NMI=0.5226
🧪 实验 4380/5000 | 种子554871 | ARI=0.5366 | NMI=0.4858
🧪 实验 4390/5000 | 种子817500 | ARI=0.5771 | NMI=0.4915
🧪 实验 4400/5000 | 种子833430 | ARI=0.6092 | NMI=0.6024
💾 批次 44 已保存: 100 个结果
📊 进度 4400/5000 | 最佳: 种子965053, ARI=0.7684
⏱️  用时: 552.5分钟 | 预计剩余: 75.3分钟
🧪 实验 4410/5000 | 种子602900 | ARI=0.5318 | NMI=0.4600
🧪 实验 4420/5000 | 种子367575 | ARI=0.5497 | NMI=0.4944
🧪 实验 4430/5000 | 种子218348 | ARI=0.6583 | NMI=0.5814
🧪 实验 4440/5000 | 种子750441 | ARI=0.4094 | NMI=0.4535
🧪 实验 4450/5000 | 种子364916 | ARI=0.3443 | NMI=0.4729
🧪 实验 4460/5000 | 种子335550 | ARI=0.6932 | NMI=0.5571
🧪 实验 4470/5000 | 种子370536 | ARI=0.6735 | NMI=0.5891
🧪 实验 4480/5000 | 种子424471 | ARI=0.6442 | NMI=0.5790
🧪 实验 4490/5000 | 种子571372 | ARI=0.4596 | NMI=0.4792
🧪 实验 4500/5000 | 种子449574 | ARI=0.6230 | NMI=0.5665
💾 批次 45 已保存: 100 个结果
📊 进度 4500/5000 | 最佳: 种子965053, ARI=0.7684
⏱️  用时: 565.0分钟 | 预计剩余: 62.8分钟
🧪 实验 4510/5000 | 种子694857 | ARI=0.6148 | NMI=0.4853
🧪 实验 4520/5000 | 种子20776 | ARI=0.5564 | NMI=0.5267
🧪 实验 4530/5000 | 种子807893 | ARI=0.6411 | NMI=0.5834
🧪 实验 4540/5000 | 种子753016 | ARI=0.6368 | NMI=0.5545
🧪 实验 4550/5000 | 种子811299 | ARI=0.6369 | NMI=0.5101
🧪 实验 4560/5000 | 种子744599 | ARI=0.6724 | NMI=0.5942
🧪 实验 4570/5000 | 种子296070 | ARI=0.7518 | NMI=0.6812
🧪 实验 4580/5000 | 种子224484 | ARI=0.7542 | NMI=0.6910
🧪 实验 4590/5000 | 种子323187 | ARI=0.7072 | NMI=0.6232
🧪 实验 4600/5000 | 种子641418 | ARI=0.5237 | NMI=0.5215
💾 批次 46 已保存: 100 个结果
📊 进度 4600/5000 | 最佳: 种子965053, ARI=0.7684
⏱️  用时: 577.5分钟 | 预计剩余: 50.2分钟
🧪 实验 4610/5000 | 种子418695 | ARI=0.6065 | NMI=0.5656
🧪 实验 4620/5000 | 种子554196 | ARI=0.7289 | NMI=0.5993
🧪 实验 4630/5000 | 种子861495 | ARI=0.6604 | NMI=0.6110
🧪 实验 4640/5000 | 种子957640 | ARI=0.6144 | NMI=0.4903
🧪 实验 4650/5000 | 种子909157 | ARI=0.5659 | NMI=0.5187
🧪 实验 4660/5000 | 种子646325 | ARI=0.6158 | NMI=0.5275
🧪 实验 4670/5000 | 种子210151 | ARI=0.5360 | NMI=0.4968
🧪 实验 4680/5000 | 种子765786 | ARI=0.6300 | NMI=0.6022
🧪 实验 4690/5000 | 种子277564 | ARI=0.5638 | NMI=0.5013
🧪 实验 4700/5000 | 种子486974 | ARI=0.5974 | NMI=0.5286
💾 批次 47 已保存: 100 个结果
📊 进度 4700/5000 | 最佳: 种子965053, ARI=0.7684
⏱️  用时: 590.1分钟 | 预计剩余: 37.7分钟
🧪 实验 4710/5000 | 种子164305 | ARI=0.6421 | NMI=0.5968
🧪 实验 4720/5000 | 种子871293 | ARI=0.5221 | NMI=0.5196
🧪 实验 4730/5000 | 种子48269 | ARI=0.6766 | NMI=0.6088
🧪 实验 4740/5000 | 种子977524 | ARI=0.6292 | NMI=0.5585
🧪 实验 4750/5000 | 种子889822 | ARI=0.6810 | NMI=0.5517
🧪 实验 4760/5000 | 种子903340 | ARI=0.5935 | NMI=0.5514
🧪 实验 4770/5000 | 种子786835 | ARI=0.5375 | NMI=0.5381
🧪 实验 4780/5000 | 种子538169 | ARI=0.4277 | NMI=0.3802
🧪 实验 4790/5000 | 种子719678 | ARI=0.5650 | NMI=0.5294
🧪 实验 4800/5000 | 种子635971 | ARI=0.7299 | NMI=0.6019
💾 批次 48 已保存: 100 个结果
📊 进度 4800/5000 | 最佳: 种子965053, ARI=0.7684
⏱️  用时: 602.6分钟 | 预计剩余: 25.1分钟
🧪 实验 4810/5000 | 种子459639 | ARI=0.6832 | NMI=0.5768
🧪 实验 4820/5000 | 种子863120 | ARI=0.6423 | NMI=0.5449
🧪 实验 4830/5000 | 种子154510 | ARI=0.6587 | NMI=0.5814
🧪 实验 4840/5000 | 种子722159 | ARI=0.6427 | NMI=0.6039
🧪 实验 4850/5000 | 种子835384 | ARI=0.5601 | NMI=0.5116
🧪 实验 4860/5000 | 种子14171 | ARI=0.5237 | NMI=0.4777
🧪 实验 4870/5000 | 种子551748 | ARI=0.4401 | NMI=0.5033
🧪 实验 4880/5000 | 种子853426 | ARI=0.5967 | NMI=0.5383
🧪 实验 4890/5000 | 种子882229 | ARI=0.4649 | NMI=0.5174
🧪 实验 4900/5000 | 种子185560 | ARI=0.5197 | NMI=0.4501
💾 批次 49 已保存: 100 个结果
📊 进度 4900/5000 | 最佳: 种子965053, ARI=0.7684
⏱️  用时: 615.1分钟 | 预计剩余: 12.6分钟
🧪 实验 4910/5000 | 种子751571 | ARI=0.6595 | NMI=0.5635
🧪 实验 4920/5000 | 种子317553 | ARI=0.5845 | NMI=0.5458
🧪 实验 4930/5000 | 种子972098 | ARI=0.4888 | NMI=0.5252
🧪 实验 4940/5000 | 种子425191 | ARI=0.4393 | NMI=0.5137
🧪 实验 4950/5000 | 种子651326 | ARI=0.5005 | NMI=0.4449
🧪 实验 4960/5000 | 种子466473 | ARI=0.5348 | NMI=0.5433
🧪 实验 4970/5000 | 种子291364 | ARI=0.5286 | NMI=0.4656
🧪 实验 4980/5000 | 种子36787 | ARI=0.5715 | NMI=0.5369
🧪 实验 4990/5000 | 种子821816 | ARI=0.5491 | NMI=0.5152
🧪 实验 5000/5000 | 种子112172 | ARI=0.5852 | NMI=0.5012
💾 批次 50 已保存: 100 个结果
📊 进度 5000/5000 | 最佳: 种子965053, ARI=0.7684
⏱️  用时: 627.6分钟 | 预计剩余: 0.0分钟

🏆 优化版实验总结:
======================================================================
🕐 总运行时间: 37655.1秒 (627.6分钟)
⏱️  平均单次时间: 7.5秒

🥇 最佳结果:
  🎲 种子: 965053
  🏆 ARI: 0.7684
  🎯 NMI: 0.6831
  📊 Silhouette: 0.2801

🎯 超过ARI=0.72的种子 (71个):
  种子965053: ARI=0.7684
  种子597553: ARI=0.7634
  种子641022: ARI=0.7595
  种子40669: ARI=0.7592
  种子958979: ARI=0.7573

📁 实验完成! 结果保存在: results/experiment_20250715_051448
🎯 最佳种子: 965053
🏆 优化版实验完成 - Tue Jul 15 03:42:27 PM CDT 2025
